<?xml version="1.0" encoding="UTF-8"?>
<testng-results ignored="0" total="1" passed="1" failed="0" skipped="0">
  <reporter-output>
  </reporter-output>
  <suite started-at="2025-04-02T16:00:58 IST" name="Default suite" finished-at="2025-04-02T16:01:36 IST" duration-ms="37654">
    <groups>
    </groups>
    <test started-at="2025-04-02T16:00:58 IST" name="Default test" finished-at="2025-04-02T16:01:36 IST" duration-ms="37654">
      <class name="Pages.MainPage">
        <test-method is-config="true" signature="setup()[pri:0, instance:Pages.MainPage@793be5ca]" started-at="2025-04-02T16:00:58 IST" name="setup" finished-at="2025-04-02T16:01:05 IST" duration-ms="6550" status="PASS">
          <reporter-output>
          </reporter-output>
        </test-method> <!-- setup -->
        <test-method signature="testLoginAndNavigate()[pri:0, instance:Pages.MainPage@793be5ca]" started-at="2025-04-02T16:01:05 IST" name="testLoginAndNavigate" finished-at="2025-04-02T16:01:36 IST" duration-ms="31076" status="PASS">
          <reporter-output>
          </reporter-output>
        </test-method> <!-- testLoginAndNavigate -->
        <test-method is-config="true" signature="closeDriver()[pri:0, instance:Pages.MainPage@793be5ca]" started-at="2025-04-02T16:01:36 IST" name="closeDriver" finished-at="2025-04-02T16:01:36 IST" duration-ms="1" status="PASS">
          <reporter-output>
          </reporter-output>
        </test-method> <!-- closeDriver -->
      </class> <!-- Pages.MainPage -->
    </test> <!-- Default test -->
  </suite> <!-- Default suite -->
</testng-results>
